2018-11-22 12:55:07 -  - exec CUpdateClient::GetUpdatesList
2018-11-22 12:55:07 -  - exec CUpdateClient::CollectRequestData
2018-11-22 12:55:07 -  - LICENSE_KEY=X&lang=ru&SUPD_VER=18.0.3&VERSION=18.0.4&TYPENC=D&SUPD_STS=1&SUPD_URS=0&SUPD_DBS=MYSQL&XE=N&CLIENT_SITE=volvo.aeroidea.ru&CHHB=dev1.volvo.aeroidea.ru&CSAB=172.17.0.17&SUID=12a0cf5bb3647dd018ad0035636a818b&CANGZIP=Y&CLIENT_PHPVER=7.1.21&stable=Y&NGINX=Y&rerere=Y&bitm_main=18.0.4&bitm_blog=17.6.1&bitm_sale=17.8.22&bitm_conversion=17.5.0&bitm_webservice=17.0.0&bitm_messageservice=18.0.0&bitm_mobileapp=18.0.0&bitm_clouds=18.0.0&bitm_highloadblock=17.5.1&bitm_eshopapp=16.5.0&bitm_ldap=17.0.1&bitm_landing=18.4.21&bitm_storeassist=16.0.1&bitm_bizproc=18.0.1&bitm_idea=17.5.0&bitm_currency=18.0.0&bitm_scale=17.5.0&bitm_perfmon=17.0.1&bitm_iblock=17.6.8&bitm_translate=16.0.0&bitm_rest=18.0.4&bitm_vote=17.5.1&bitm_abtest=17.5.0&bitm_socialnetwork=17.7.1&bitm_compression=16.0.0&bitm_search=17.6.0&bitm_b24connector=18.0.0&bitm_ui=17.6.4&bitm_workflow=17.0.1&bitm_wiki=17.5.1&bitm_catalog=17.6.5&bitm_sender=18.0.5&bitm_seo=18.1.0&bitm_report=18.0.5&bitm_subscribe=17.5.0&bitm_calendar=17.5.14&bitm_support=16.0.0&bitm_mail=17.5.7&bitm_statistic=17.0.1&bitm_learning=17.5.0&bitm_pull=17.5.5&bitm_advertising=18.0.0&bitm_fileman=18.0.2&bitm_lists=17.0.18&bitm_im=18.0.4&bitm_socialservices=18.0.0&bitm_bitrixcloud=17.5.0&bitm_security=17.0.2&bitm_forum=17.5.5&bitm_photogallery=17.0.2&bitm_form=18.0.0&bitm_bizprocdesigner=18.0.0&bitl_en=&bitl_ru=&SUPD_SRS=RU&SUPD_CMP=N&SALE_15=Y&LICENSE_SIGNED=%7Enew_license18_0_3_sign-N
2018-11-22 12:55:07 -  - exec CUpdateClient::GetHTTPPage
2018-11-22 12:55:07 -  - TIME GetUpdatesList(request) 0.181 sec
2018-11-22 12:55:07 -  - exec CUpdateClient::ParseServerData
2018-11-22 12:55:25 -  - exec CUpdateClient::GetUpdatesList
2018-11-22 12:55:25 -  - exec CUpdateClient::CollectRequestData
2018-11-22 12:55:25 -  - LICENSE_KEY=X&lang=ru&SUPD_VER=18.0.3&VERSION=18.0.4&TYPENC=D&SUPD_STS=1&SUPD_URS=0&SUPD_DBS=MYSQL&XE=N&CLIENT_SITE=volvo.aeroidea.ru&CHHB=dev1.volvo.aeroidea.ru&CSAB=172.17.0.17&SUID=12a0cf5bb3647dd018ad0035636a818b&CANGZIP=Y&CLIENT_PHPVER=7.1.21&stable=Y&NGINX=Y&rerere=Y&bitm_main=18.0.4&bitm_blog=17.6.1&bitm_sale=17.8.22&bitm_conversion=17.5.0&bitm_webservice=17.0.0&bitm_messageservice=18.0.0&bitm_mobileapp=18.0.0&bitm_clouds=18.0.0&bitm_highloadblock=17.5.1&bitm_eshopapp=16.5.0&bitm_ldap=17.0.1&bitm_landing=18.4.21&bitm_storeassist=16.0.1&bitm_bizproc=18.0.1&bitm_idea=17.5.0&bitm_currency=18.0.0&bitm_scale=17.5.0&bitm_perfmon=17.0.1&bitm_iblock=17.6.8&bitm_translate=16.0.0&bitm_rest=18.0.4&bitm_vote=17.5.1&bitm_abtest=17.5.0&bitm_socialnetwork=17.7.1&bitm_compression=16.0.0&bitm_search=17.6.0&bitm_b24connector=18.0.0&bitm_ui=17.6.4&bitm_workflow=17.0.1&bitm_wiki=17.5.1&bitm_catalog=17.6.5&bitm_sender=18.0.5&bitm_seo=18.1.0&bitm_report=18.0.5&bitm_subscribe=17.5.0&bitm_calendar=17.5.14&bitm_support=16.0.0&bitm_mail=17.5.7&bitm_statistic=17.0.1&bitm_learning=17.5.0&bitm_pull=17.5.5&bitm_advertising=18.0.0&bitm_fileman=18.0.2&bitm_lists=17.0.18&bitm_im=18.0.4&bitm_socialservices=18.0.0&bitm_bitrixcloud=17.5.0&bitm_security=17.0.2&bitm_forum=17.5.5&bitm_photogallery=17.0.2&bitm_form=18.0.0&bitm_bizprocdesigner=18.0.0&bitl_en=&bitl_ru=&SUPD_SRS=RU&SUPD_CMP=N&SALE_15=Y&LICENSE_SIGNED=%7Enew_license18_0_3_sign-N
2018-11-22 12:55:25 -  - exec CUpdateClient::GetHTTPPage
2018-11-22 12:55:25 -  - TIME GetUpdatesList(request) 0.117 sec
2018-11-22 12:55:25 -  - exec CUpdateClient::ParseServerData
2018-11-22 12:55:31 -  - exec CUpdateClient::UpdateUpdate
2018-11-22 12:55:31 -  - exec CUpdateClient::CollectRequestData
2018-11-22 12:55:31 -  - LICENSE_KEY=X&lang=ru&SUPD_VER=18.0.3&VERSION=18.0.4&TYPENC=D&SUPD_STS=1&SUPD_URS=0&SUPD_DBS=MYSQL&XE=N&CLIENT_SITE=volvo.aeroidea.ru&CHHB=dev1.volvo.aeroidea.ru&CSAB=172.17.0.17&SUID=12a0cf5bb3647dd018ad0035636a818b&CANGZIP=Y&CLIENT_PHPVER=7.1.21&stable=Y&NGINX=Y&rerere=Y&bitm_main=18.0.4&bitm_blog=17.6.1&bitm_sale=17.8.22&bitm_conversion=17.5.0&bitm_webservice=17.0.0&bitm_messageservice=18.0.0&bitm_mobileapp=18.0.0&bitm_clouds=18.0.0&bitm_highloadblock=17.5.1&bitm_eshopapp=16.5.0&bitm_ldap=17.0.1&bitm_landing=18.4.21&bitm_storeassist=16.0.1&bitm_bizproc=18.0.1&bitm_idea=17.5.0&bitm_currency=18.0.0&bitm_scale=17.5.0&bitm_perfmon=17.0.1&bitm_iblock=17.6.8&bitm_translate=16.0.0&bitm_rest=18.0.4&bitm_vote=17.5.1&bitm_abtest=17.5.0&bitm_socialnetwork=17.7.1&bitm_compression=16.0.0&bitm_search=17.6.0&bitm_b24connector=18.0.0&bitm_ui=17.6.4&bitm_workflow=17.0.1&bitm_wiki=17.5.1&bitm_catalog=17.6.5&bitm_sender=18.0.5&bitm_seo=18.1.0&bitm_report=18.0.5&bitm_subscribe=17.5.0&bitm_calendar=17.5.14&bitm_support=16.0.0&bitm_mail=17.5.7&bitm_statistic=17.0.1&bitm_learning=17.5.0&bitm_pull=17.5.5&bitm_advertising=18.0.0&bitm_fileman=18.0.2&bitm_lists=17.0.18&bitm_im=18.0.4&bitm_socialservices=18.0.0&bitm_bitrixcloud=17.5.0&bitm_security=17.0.2&bitm_forum=17.5.5&bitm_photogallery=17.0.2&bitm_form=18.0.0&bitm_bizprocdesigner=18.0.0&bitl_en=&bitl_ru=&SUPD_SRS=RU&SUPD_CMP=N&SALE_15=Y&LICENSE_SIGNED=%7Enew_license18_0_3_sign-N&query_type=updateupdate
2018-11-22 12:55:31 -  - exec CUpdateClient::GetHTTPPage
2018-11-22 12:55:33 -  - TIME UpdateUpdate(request) 1.781 sec
2018-11-22 12:55:33 -  - exec CUpdateClient::UnGzipArchive
2018-11-22 12:55:33 -  - TIME UnGzipArchive 0.008 sec
2018-11-22 12:55:33 -  - exec CUpdateClient::ParseServerData
2018-11-22 12:55:33 - CURV - Update updated successfully!
2018-11-22 12:55:33 - UPD_SUCCESS - Update system updated
2018-11-22 12:55:33 -  - exec CUpdateClient::GetUpdatesList
2018-11-22 12:55:33 -  - exec CUpdateClient::CollectRequestData
2018-11-22 12:55:33 -  - LICENSE_KEY=X&lang=ru&SUPD_VER=18.1.3&VERSION=18.0.4&TYPENC=D&SUPD_STS=1&SUPD_URS=0&SUPD_DBS=MYSQL&XE=N&CLIENT_SITE=volvo.aeroidea.ru&CHHB=dev1.volvo.aeroidea.ru&CSAB=172.17.0.17&SUID=12a0cf5bb3647dd018ad0035636a818b&CANGZIP=Y&CLIENT_PHPVER=7.1.21&stable=Y&NGINX=Y&rerere=Y&bitm_main=18.0.4&bitm_blog=17.6.1&bitm_sale=17.8.22&bitm_conversion=17.5.0&bitm_webservice=17.0.0&bitm_messageservice=18.0.0&bitm_mobileapp=18.0.0&bitm_clouds=18.0.0&bitm_highloadblock=17.5.1&bitm_eshopapp=16.5.0&bitm_ldap=17.0.1&bitm_landing=18.4.21&bitm_storeassist=16.0.1&bitm_bizproc=18.0.1&bitm_idea=17.5.0&bitm_currency=18.0.0&bitm_scale=17.5.0&bitm_perfmon=17.0.1&bitm_iblock=17.6.8&bitm_translate=16.0.0&bitm_rest=18.0.4&bitm_vote=17.5.1&bitm_abtest=17.5.0&bitm_socialnetwork=17.7.1&bitm_compression=16.0.0&bitm_search=17.6.0&bitm_b24connector=18.0.0&bitm_ui=17.6.4&bitm_workflow=17.0.1&bitm_wiki=17.5.1&bitm_catalog=17.6.5&bitm_sender=18.0.5&bitm_seo=18.1.0&bitm_report=18.0.5&bitm_subscribe=17.5.0&bitm_calendar=17.5.14&bitm_support=16.0.0&bitm_mail=17.5.7&bitm_statistic=17.0.1&bitm_learning=17.5.0&bitm_pull=17.5.5&bitm_advertising=18.0.0&bitm_fileman=18.0.2&bitm_lists=17.0.18&bitm_im=18.0.4&bitm_socialservices=18.0.0&bitm_bitrixcloud=17.5.0&bitm_security=17.0.2&bitm_forum=17.5.5&bitm_photogallery=17.0.2&bitm_form=18.0.0&bitm_bizprocdesigner=18.0.0&bitl_en=&bitl_ru=&SUPD_SRS=RU&SUPD_CMP=N&SALE_15=Y&LICENSE_SIGNED=%7Enew_license18_0_sign-N
2018-11-22 12:55:33 -  - exec CUpdateClient::GetHTTPPage
2018-11-22 12:55:33 -  - TIME GetUpdatesList(request) 0.145 sec
2018-11-22 12:55:33 -  - exec CUpdateClient::ParseServerData
